<?xml version="1.0" encoding="UTF-8"?>
<testng-results ignored="0" total="1" passed="1" failed="0" skipped="0">
  <reporter-output>
  </reporter-output>
  <suite started-at="2020-09-01T13:18:38 IST" name="Default suite" finished-at="2020-09-01T13:18:43 IST" duration-ms="4805">
    <groups>
    </groups>
    <test started-at="2020-09-01T13:18:38 IST" name="Default test" finished-at="2020-09-01T13:18:43 IST" duration-ms="4805">
      <class name="com.restAssuredTesting.HandleStaticJsonFile">
        <test-method signature="AddBook()[pri:0, instance:com.restAssuredTesting.HandleStaticJsonFile@6b26e945]" started-at="2020-09-01T13:18:39 IST" name="AddBook" finished-at="2020-09-01T13:18:43 IST" duration-ms="4735" status="PASS">
          <reporter-output>
          </reporter-output>
        </test-method> <!-- AddBook -->
      </class> <!-- com.restAssuredTesting.HandleStaticJsonFile -->
    </test> <!-- Default test -->
  </suite> <!-- Default suite -->
</testng-results>
